Using pre-set license
Built from '2021.3/staging' branch; Version is '2021.3.19f1 (c9714fde33b6) revision 13201743'; Using compiler version '192829333'; Build Type 'Release'
OS: 'Windows 10  (10.0.19045) 64bit CoreSingleLanguage' Language: 'es' Physical Memory: 11178 MB
BatchMode: 1, IsHumanControllingUs: 0, StartBugReporterOnCrash: 0, Is64bit: 1, IsPro: 1

COMMAND LINE ARGUMENTS:
C:\Program Files\Unity\Hub\Editor\2021.3.19f1\Editor\Unity.exe
-adb2
-batchMode
-noUpm
-name
AssetImportWorker0
-projectPath
C:/Users/MMJon/TEMAS-III
-logFile
Logs/AssetImportWorker0.log
-srvPort
56601
Successfully changed project path to: C:/Users/MMJon/TEMAS-III
C:/Users/MMJon/TEMAS-III
[UnityMemory] Configuration Parameters - Can be set up in boot.config
    "memorysetup-bucket-allocator-granularity=16"
    "memorysetup-bucket-allocator-bucket-count=8"
    "memorysetup-bucket-allocator-block-size=33554432"
    "memorysetup-bucket-allocator-block-count=8"
    "memorysetup-main-allocator-block-size=16777216"
    "memorysetup-thread-allocator-block-size=16777216"
    "memorysetup-gfx-main-allocator-block-size=16777216"
    "memorysetup-gfx-thread-allocator-block-size=16777216"
    "memorysetup-cache-allocator-block-size=4194304"
    "memorysetup-typetree-allocator-block-size=2097152"
    "memorysetup-profiler-bucket-allocator-granularity=16"
    "memorysetup-profiler-bucket-allocator-bucket-count=8"
    "memorysetup-profiler-bucket-allocator-block-size=33554432"
    "memorysetup-profiler-bucket-allocator-block-count=8"
    "memorysetup-profiler-allocator-block-size=16777216"
    "memorysetup-profiler-editor-allocator-block-size=1048576"
    "memorysetup-temp-allocator-size-main=16777216"
    "memorysetup-job-temp-allocator-block-size=2097152"
    "memorysetup-job-temp-allocator-block-size-background=1048576"
    "memorysetup-job-temp-allocator-reduction-small-platforms=262144"
    "memorysetup-temp-allocator-size-background-worker=32768"
    "memorysetup-temp-allocator-size-job-worker=262144"
    "memorysetup-temp-allocator-size-preload-manager=33554432"
    "memorysetup-temp-allocator-size-nav-mesh-worker=65536"
    "memorysetup-temp-allocator-size-audio-worker=65536"
    "memorysetup-temp-allocator-size-cloud-worker=32768"
    "memorysetup-temp-allocator-size-gi-baking-worker=262144"
    "memorysetup-temp-allocator-size-gfx=262144"
Player connection [7116] Host "[IP] 172.19.112.1 [Port] 0 [Flags] 2 [Guid] 813996752 [EditorId] 813996752 [Version] 1048832 [Id] WindowsEditor(7,DESKTOP-PC6CJ1I) [Debug] 1 [PackageName] WindowsEditor [ProjectName] Editor" joined multi-casting on [225.0.0.222:54997]...

Player connection [7116] Host "[IP] 172.19.112.1 [Port] 0 [Flags] 2 [Guid] 813996752 [EditorId] 813996752 [Version] 1048832 [Id] WindowsEditor(7,DESKTOP-PC6CJ1I) [Debug] 1 [PackageName] WindowsEditor [ProjectName] Editor" joined alternative multi-casting on [225.0.0.222:34997]...

Refreshing native plugins compatible for Editor in 137.02 ms, found 3 plugins.
Preloading 0 native plugins for Editor in 0.00 ms.
Initialize engine version: 2021.3.19f1 (c9714fde33b6)
[Subsystems] Discovering subsystems at path C:/Program Files/Unity/Hub/Editor/2021.3.19f1/Editor/Data/Resources/UnitySubsystems
[Subsystems] Discovering subsystems at path C:/Users/MMJon/TEMAS-III/Assets
GfxDevice: creating device client; threaded=0; jobified=0
Direct3D:
    Version:  Direct3D 11.0 [level 11.1]
    Renderer: AMD Radeon(TM) Vega 6 Graphics (ID=0x15dd)
    Vendor:   ATI
    VRAM:     5589 MB
    Driver:   26.20.14042.2
Initialize mono
Mono path[0] = 'C:/Program Files/Unity/Hub/Editor/2021.3.19f1/Editor/Data/Managed'
Mono path[1] = 'C:/Program Files/Unity/Hub/Editor/2021.3.19f1/Editor/Data/MonoBleedingEdge/lib/mono/unityjit-win32'
Mono config path = 'C:/Program Files/Unity/Hub/Editor/2021.3.19f1/Editor/Data/MonoBleedingEdge/etc'
Using monoOptions --debugger-agent=transport=dt_socket,embedding=1,server=y,suspend=n,address=127.0.0.1:56572
Begin MonoManager ReloadAssembly
Registering precompiled unity dll's ...
Register platform support module: C:/Program Files/Unity/Hub/Editor/2021.3.19f1/Editor/Data/PlaybackEngines/AndroidPlayer/UnityEditor.Android.Extensions.dll
Register platform support module: C:/Program Files/Unity/Hub/Editor/2021.3.19f1/Editor/Data/PlaybackEngines/WindowsStandaloneSupport/UnityEditor.WindowsStandalone.Extensions.dll
Registered in 0.012811 seconds.
Native extension for WindowsStandalone target not found
Native extension for Android target not found
Android Extension - Scanning For ADB Devices 458 ms
Refreshing native plugins compatible for Editor in 131.36 ms, found 3 plugins.
Preloading 0 native plugins for Editor in 0.00 ms.
Mono: successfully reloaded assembly
- Completed reload, in  1.603 seconds
Domain Reload Profiling:
	ReloadAssembly (1604ms)
		BeginReloadAssembly (124ms)
			ExecutionOrderSort (0ms)
			DisableScriptedObjects (0ms)
			BackupInstance (0ms)
			ReleaseScriptingObjects (0ms)
			CreateAndSetChildDomain (1ms)
		EndReloadAssembly (1265ms)
			LoadAssemblies (120ms)
			RebuildTransferFunctionScriptingTraits (0ms)
			SetupTypeCache (174ms)
			ReleaseScriptCaches (0ms)
			RebuildScriptCaches (50ms)
			SetupLoadedEditorAssemblies (948ms)
				LogAssemblyErrors (0ms)
				InitializePlatformSupportModulesInManaged (573ms)
				SetLoadedEditorAssemblies (0ms)
				RefreshPlugins (131ms)
				BeforeProcessingInitializeOnLoad (2ms)
				ProcessInitializeOnLoadAttributes (161ms)
				ProcessInitializeOnLoadMethodAttributes (80ms)
				AfterProcessingInitializeOnLoad (0ms)
				EditorAssembliesLoaded (0ms)
			ExecutionOrderSort2 (0ms)
			AwakeInstancesAfterBackupRestoration (0ms)
Platform modules already initialized, skipping
Registering precompiled user dll's ...
Registered in 0.008400 seconds.
Begin MonoManager ReloadAssembly
Symbol file LoadedFromMemory doesn't match image C:\Users\MMJon\TEMAS-III\Library\PackageCache\com.unity.visualscripting@1.8.0\Editor\VisualScripting.Core\Dependencies\YamlDotNet\Unity.VisualScripting.YamlDotNet.dll
Symbol file LoadedFromMemory doesn't match image C:\Users\MMJon\TEMAS-III\Library\PackageCache\com.unity.visualscripting@1.8.0\Editor\VisualScripting.Core\Dependencies\DotNetZip\Unity.VisualScripting.IonicZip.dll
Native extension for WindowsStandalone target not found
Native extension for Android target not found
Refreshing native plugins compatible for Editor in 0.88 ms, found 3 plugins.
Preloading 0 native plugins for Editor in 0.00 ms.
Package Manager log level set to [2]
Mono: successfully reloaded assembly
- Completed reload, in  1.797 seconds
Domain Reload Profiling:
	ReloadAssembly (1798ms)
		BeginReloadAssembly (193ms)
			ExecutionOrderSort (0ms)
			DisableScriptedObjects (10ms)
			BackupInstance (0ms)
			ReleaseScriptingObjects (0ms)
			CreateAndSetChildDomain (34ms)
		EndReloadAssembly (1395ms)
			LoadAssemblies (142ms)
			RebuildTransferFunctionScriptingTraits (0ms)
			SetupTypeCache (466ms)
			ReleaseScriptCaches (1ms)
			RebuildScriptCaches (89ms)
			SetupLoadedEditorAssemblies (608ms)
				LogAssemblyErrors (0ms)
				InitializePlatformSupportModulesInManaged (33ms)
				SetLoadedEditorAssemblies (1ms)
				RefreshPlugins (1ms)
				BeforeProcessingInitializeOnLoad (141ms)
				ProcessInitializeOnLoadAttributes (388ms)
				ProcessInitializeOnLoadMethodAttributes (34ms)
				AfterProcessingInitializeOnLoad (10ms)
				EditorAssembliesLoaded (0ms)
			ExecutionOrderSort2 (0ms)
			AwakeInstancesAfterBackupRestoration (11ms)
Platform modules already initialized, skipping
========================================================================
Worker process is ready to serve import requests
Launched and connected shader compiler UnityShaderCompiler.exe after 0.08 seconds
Refreshing native plugins compatible for Editor in 0.91 ms, found 3 plugins.
Preloading 0 native plugins for Editor in 0.00 ms.
Unloading 3189 Unused Serialized files (Serialized files now loaded: 0)
Unloading 25 unused Assets / (113.7 KB). Loaded Objects now: 3659.
Memory consumption went from 114.6 MB to 114.5 MB.
Total: 4.150100 ms (FindLiveObjects: 0.398300 ms CreateObjectMapping: 0.131200 ms MarkObjects: 3.451100 ms  DeleteObjects: 0.167800 ms)

AssetImportParameters requested are different than current active one (requested -> active):
  custom:video-decoder-ogg-theora: a1e56fd34408186e4bbccfd4996cb3dc -> 
  custom:container-muxer-webm: aa71ff27fc2769a1b78a27578f13a17b -> 
  custom:container-demuxer-webm: 4f35f7cbe854078d1ac9338744f61a02 -> 
  custom:video-encoder-webm-vp8: eb34c28f22e8b96e1ab97ce403110664 -> 
  custom:audio-encoder-webm-vorbis: bf7c407c2cedff20999df2af8eb42d56 -> 
  custom:framework-win-MediaFoundation: 216162199b28c13a410421893ffa2e32 -> 
  custom:container-demuxer-ogg: 62fdf1f143b41e24485cea50d1cbac27 -> 
  custom:video-decoder-webm-vp8: 9c59270c3fd7afecdb556c50c9e8de78 -> 
  custom:audio-decoder-ogg-vorbis: bf7c407c2cedff20999df2af8eb42d56 -> 
========================================================================
Received Import Request.
  Time since last request: 957132.336387 seconds.
  path: Assets/InteraccionVideo.cs
  artifactKey: Guid(285a4957dea193a4b8cb90600fdb82a1) Importer(815301076,1909f56bfc062723c751e8b465ee728b)
Start importing Assets/InteraccionVideo.cs using Guid(285a4957dea193a4b8cb90600fdb82a1) Importer(815301076,1909f56bfc062723c751e8b465ee728b)  -> (artifact id: '7e0198745256a12cb322396aff426146') in 0.038903 seconds 
========================================================================
Received Import Request.
  Time since last request: 43.236006 seconds.
  path: Assets/InteraccionVideo1.cs
  artifactKey: Guid(3f63dbeab7dc0d14ba1bbe181ba90e4f) Importer(815301076,1909f56bfc062723c751e8b465ee728b)
Start importing Assets/InteraccionVideo1.cs using Guid(3f63dbeab7dc0d14ba1bbe181ba90e4f) Importer(815301076,1909f56bfc062723c751e8b465ee728b)  -> (artifact id: '4f3859e1da5ee5d2ae5dfc1ddeca8b41') in 0.017818 seconds 
========================================================================
Received Import Request.
  Time since last request: 44.372706 seconds.
  path: Assets/InteraccionVideo1.cs
  artifactKey: Guid(3f63dbeab7dc0d14ba1bbe181ba90e4f) Importer(815301076,1909f56bfc062723c751e8b465ee728b)
Start importing Assets/InteraccionVideo1.cs using Guid(3f63dbeab7dc0d14ba1bbe181ba90e4f) Importer(815301076,1909f56bfc062723c751e8b465ee728b)  -> (artifact id: '3864b68dfb1f202d6d316414316b8cca') in 0.018375 seconds 
========================================================================
Received Prepare
Registering precompiled user dll's ...
Registered in 0.016347 seconds.
Begin MonoManager ReloadAssembly
Symbol file LoadedFromMemory doesn't match image C:\Users\MMJon\TEMAS-III\Library\PackageCache\com.unity.visualscripting@1.8.0\Editor\VisualScripting.Core\Dependencies\YamlDotNet\Unity.VisualScripting.YamlDotNet.dll
Symbol file LoadedFromMemory doesn't match image C:\Users\MMJon\TEMAS-III\Library\PackageCache\com.unity.visualscripting@1.8.0\Editor\VisualScripting.Core\Dependencies\DotNetZip\Unity.VisualScripting.IonicZip.dll
Native extension for WindowsStandalone target not found
Native extension for Android target not found
Refreshing native plugins compatible for Editor in 0.93 ms, found 3 plugins.
Preloading 0 native plugins for Editor in 0.00 ms.
Mono: successfully reloaded assembly
- Completed reload, in  1.733 seconds
Domain Reload Profiling:
	ReloadAssembly (1734ms)
		BeginReloadAssembly (243ms)
			ExecutionOrderSort (0ms)
			DisableScriptedObjects (9ms)
			BackupInstance (0ms)
			ReleaseScriptingObjects (0ms)
			CreateAndSetChildDomain (66ms)
		EndReloadAssembly (1304ms)
			LoadAssemblies (183ms)
			RebuildTransferFunctionScriptingTraits (1ms)
			SetupTypeCache (478ms)
			ReleaseScriptCaches (2ms)
			RebuildScriptCaches (66ms)
			SetupLoadedEditorAssemblies (513ms)
				LogAssemblyErrors (0ms)
				InitializePlatformSupportModulesInManaged (45ms)
				SetLoadedEditorAssemblies (1ms)
				RefreshPlugins (1ms)
				BeforeProcessingInitializeOnLoad (104ms)
				ProcessInitializeOnLoadAttributes (316ms)
				ProcessInitializeOnLoadMethodAttributes (34ms)
				AfterProcessingInitializeOnLoad (13ms)
				EditorAssembliesLoaded (0ms)
			ExecutionOrderSort2 (0ms)
			AwakeInstancesAfterBackupRestoration (9ms)
Platform modules already initialized, skipping
Refreshing native plugins compatible for Editor in 3.23 ms, found 3 plugins.
Preloading 0 native plugins for Editor in 0.00 ms.
Unloading 3168 Unused Serialized files (Serialized files now loaded: 0)
Unloading 17 unused Assets / (80.2 KB). Loaded Objects now: 3664.
Memory consumption went from 113.1 MB to 113.0 MB.
Total: 4.529800 ms (FindLiveObjects: 0.445000 ms CreateObjectMapping: 0.199300 ms MarkObjects: 3.746400 ms  DeleteObjects: 0.136700 ms)

AssetImportParameters requested are different than current active one (requested -> active):
  custom:video-decoder-ogg-theora: a1e56fd34408186e4bbccfd4996cb3dc -> 
  custom:container-muxer-webm: aa71ff27fc2769a1b78a27578f13a17b -> 
  custom:container-demuxer-webm: 4f35f7cbe854078d1ac9338744f61a02 -> 
  custom:video-encoder-webm-vp8: eb34c28f22e8b96e1ab97ce403110664 -> 
  custom:audio-encoder-webm-vorbis: bf7c407c2cedff20999df2af8eb42d56 -> 
  custom:framework-win-MediaFoundation: 216162199b28c13a410421893ffa2e32 -> 
  custom:container-demuxer-ogg: 62fdf1f143b41e24485cea50d1cbac27 -> 
  custom:video-decoder-webm-vp8: 9c59270c3fd7afecdb556c50c9e8de78 -> 
  custom:audio-decoder-ogg-vorbis: bf7c407c2cedff20999df2af8eb42d56 -> 
========================================================================
Received Import Request.
  Time since last request: 55.794149 seconds.
  path: Assets/InteraccionVideo1.cs
  artifactKey: Guid(3f63dbeab7dc0d14ba1bbe181ba90e4f) Importer(815301076,1909f56bfc062723c751e8b465ee728b)
Start importing Assets/InteraccionVideo1.cs using Guid(3f63dbeab7dc0d14ba1bbe181ba90e4f) Importer(815301076,1909f56bfc062723c751e8b465ee728b)  -> (artifact id: '5539b6cc75201f7a73de7539c4ef4857') in 0.011780 seconds 
========================================================================
Received Prepare
Registering precompiled user dll's ...
Registered in 0.008882 seconds.
Begin MonoManager ReloadAssembly
Symbol file LoadedFromMemory doesn't match image C:\Users\MMJon\TEMAS-III\Library\PackageCache\com.unity.visualscripting@1.8.0\Editor\VisualScripting.Core\Dependencies\YamlDotNet\Unity.VisualScripting.YamlDotNet.dll
Symbol file LoadedFromMemory doesn't match image C:\Users\MMJon\TEMAS-III\Library\PackageCache\com.unity.visualscripting@1.8.0\Editor\VisualScripting.Core\Dependencies\DotNetZip\Unity.VisualScripting.IonicZip.dll
Native extension for WindowsStandalone target not found
Native extension for Android target not found
Refreshing native plugins compatible for Editor in 1.16 ms, found 3 plugins.
Preloading 0 native plugins for Editor in 0.00 ms.
Mono: successfully reloaded assembly
- Completed reload, in  1.939 seconds
Domain Reload Profiling:
	ReloadAssembly (1940ms)
		BeginReloadAssembly (321ms)
			ExecutionOrderSort (0ms)
			DisableScriptedObjects (9ms)
			BackupInstance (0ms)
			ReleaseScriptingObjects (0ms)
			CreateAndSetChildDomain (79ms)
		EndReloadAssembly (1416ms)
			LoadAssemblies (241ms)
			RebuildTransferFunctionScriptingTraits (0ms)
			SetupTypeCache (481ms)
			ReleaseScriptCaches (3ms)
			RebuildScriptCaches (84ms)
			SetupLoadedEditorAssemblies (584ms)
				LogAssemblyErrors (0ms)
				InitializePlatformSupportModulesInManaged (51ms)
				SetLoadedEditorAssemblies (1ms)
				RefreshPlugins (1ms)
				BeforeProcessingInitializeOnLoad (136ms)
				ProcessInitializeOnLoadAttributes (342ms)
				ProcessInitializeOnLoadMethodAttributes (41ms)
				AfterProcessingInitializeOnLoad (12ms)
				EditorAssembliesLoaded (0ms)
			ExecutionOrderSort2 (0ms)
			AwakeInstancesAfterBackupRestoration (10ms)
Platform modules already initialized, skipping
Refreshing native plugins compatible for Editor in 2.66 ms, found 3 plugins.
Preloading 0 native plugins for Editor in 0.00 ms.
Unloading 3168 Unused Serialized files (Serialized files now loaded: 0)
Unloading 17 unused Assets / (80.1 KB). Loaded Objects now: 3668.
Memory consumption went from 113.1 MB to 113.0 MB.
Total: 4.532500 ms (FindLiveObjects: 0.360400 ms CreateObjectMapping: 0.118000 ms MarkObjects: 3.898300 ms  DeleteObjects: 0.153100 ms)

AssetImportParameters requested are different than current active one (requested -> active):
  custom:video-decoder-ogg-theora: a1e56fd34408186e4bbccfd4996cb3dc -> 
  custom:container-muxer-webm: aa71ff27fc2769a1b78a27578f13a17b -> 
  custom:container-demuxer-webm: 4f35f7cbe854078d1ac9338744f61a02 -> 
  custom:video-encoder-webm-vp8: eb34c28f22e8b96e1ab97ce403110664 -> 
  custom:audio-encoder-webm-vorbis: bf7c407c2cedff20999df2af8eb42d56 -> 
  custom:framework-win-MediaFoundation: 216162199b28c13a410421893ffa2e32 -> 
  custom:container-demuxer-ogg: 62fdf1f143b41e24485cea50d1cbac27 -> 
  custom:video-decoder-webm-vp8: 9c59270c3fd7afecdb556c50c9e8de78 -> 
  custom:audio-decoder-ogg-vorbis: bf7c407c2cedff20999df2af8eb42d56 -> 
========================================================================
Received Prepare
Registering precompiled user dll's ...
Registered in 0.006869 seconds.
Begin MonoManager ReloadAssembly
Symbol file LoadedFromMemory doesn't match image C:\Users\MMJon\TEMAS-III\Library\PackageCache\com.unity.visualscripting@1.8.0\Editor\VisualScripting.Core\Dependencies\YamlDotNet\Unity.VisualScripting.YamlDotNet.dll
Symbol file LoadedFromMemory doesn't match image C:\Users\MMJon\TEMAS-III\Library\PackageCache\com.unity.visualscripting@1.8.0\Editor\VisualScripting.Core\Dependencies\DotNetZip\Unity.VisualScripting.IonicZip.dll
Native extension for WindowsStandalone target not found
Native extension for Android target not found
Refreshing native plugins compatible for Editor in 0.93 ms, found 3 plugins.
Preloading 0 native plugins for Editor in 0.00 ms.
Mono: successfully reloaded assembly
- Completed reload, in  1.791 seconds
Domain Reload Profiling:
	ReloadAssembly (1792ms)
		BeginReloadAssembly (271ms)
			ExecutionOrderSort (0ms)
			DisableScriptedObjects (7ms)
			BackupInstance (0ms)
			ReleaseScriptingObjects (0ms)
			CreateAndSetChildDomain (52ms)
		EndReloadAssembly (1329ms)
			LoadAssemblies (209ms)
			RebuildTransferFunctionScriptingTraits (0ms)
			SetupTypeCache (501ms)
			ReleaseScriptCaches (2ms)
			RebuildScriptCaches (62ms)
			SetupLoadedEditorAssemblies (533ms)
				LogAssemblyErrors (0ms)
				InitializePlatformSupportModulesInManaged (47ms)
				SetLoadedEditorAssemblies (1ms)
				RefreshPlugins (1ms)
				BeforeProcessingInitializeOnLoad (106ms)
				ProcessInitializeOnLoadAttributes (330ms)
				ProcessInitializeOnLoadMethodAttributes (35ms)
				AfterProcessingInitializeOnLoad (14ms)
				EditorAssembliesLoaded (0ms)
			ExecutionOrderSort2 (0ms)
			AwakeInstancesAfterBackupRestoration (10ms)
Platform modules already initialized, skipping
Refreshing native plugins compatible for Editor in 2.45 ms, found 3 plugins.
Preloading 0 native plugins for Editor in 0.00 ms.
Unloading 3168 Unused Serialized files (Serialized files now loaded: 0)
Unloading 17 unused Assets / (80.2 KB). Loaded Objects now: 3672.
Memory consumption went from 113.1 MB to 113.0 MB.
Total: 4.558400 ms (FindLiveObjects: 0.338200 ms CreateObjectMapping: 0.123800 ms MarkObjects: 3.826000 ms  DeleteObjects: 0.268000 ms)

AssetImportParameters requested are different than current active one (requested -> active):
  custom:video-decoder-ogg-theora: a1e56fd34408186e4bbccfd4996cb3dc -> 
  custom:container-muxer-webm: aa71ff27fc2769a1b78a27578f13a17b -> 
  custom:container-demuxer-webm: 4f35f7cbe854078d1ac9338744f61a02 -> 
  custom:video-encoder-webm-vp8: eb34c28f22e8b96e1ab97ce403110664 -> 
  custom:audio-encoder-webm-vorbis: bf7c407c2cedff20999df2af8eb42d56 -> 
  custom:framework-win-MediaFoundation: 216162199b28c13a410421893ffa2e32 -> 
  custom:container-demuxer-ogg: 62fdf1f143b41e24485cea50d1cbac27 -> 
  custom:video-decoder-webm-vp8: 9c59270c3fd7afecdb556c50c9e8de78 -> 
  custom:audio-decoder-ogg-vorbis: bf7c407c2cedff20999df2af8eb42d56 -> 
========================================================================
Received Prepare
Refreshing native plugins compatible for Editor in 5.74 ms, found 3 plugins.
Preloading 0 native plugins for Editor in 0.00 ms.
Unloading 17 Unused Serialized files (Serialized files now loaded: 0)
Unloading 17 unused Assets / (77.6 KB). Loaded Objects now: 3672.
Memory consumption went from 50.0 MB to 49.9 MB.
Total: 4.785000 ms (FindLiveObjects: 0.326900 ms CreateObjectMapping: 0.106400 ms MarkObjects: 4.194000 ms  DeleteObjects: 0.155900 ms)

AssetImportParameters requested are different than current active one (requested -> active):
  custom:video-decoder-ogg-theora: a1e56fd34408186e4bbccfd4996cb3dc -> 
  custom:container-muxer-webm: aa71ff27fc2769a1b78a27578f13a17b -> 
  custom:container-demuxer-webm: 4f35f7cbe854078d1ac9338744f61a02 -> 
  custom:video-encoder-webm-vp8: eb34c28f22e8b96e1ab97ce403110664 -> 
  custom:audio-encoder-webm-vorbis: bf7c407c2cedff20999df2af8eb42d56 -> 
  custom:framework-win-MediaFoundation: 216162199b28c13a410421893ffa2e32 -> 
  custom:container-demuxer-ogg: 62fdf1f143b41e24485cea50d1cbac27 -> 
  custom:video-decoder-webm-vp8: 9c59270c3fd7afecdb556c50c9e8de78 -> 
  custom:audio-decoder-ogg-vorbis: bf7c407c2cedff20999df2af8eb42d56 -> 
========================================================================
Received Import Request.
  Time since last request: 431.085832 seconds.
  path: Assets/InteraccionVideo.cs
  artifactKey: Guid(285a4957dea193a4b8cb90600fdb82a1) Importer(815301076,1909f56bfc062723c751e8b465ee728b)
Start importing Assets/InteraccionVideo.cs using Guid(285a4957dea193a4b8cb90600fdb82a1) Importer(815301076,1909f56bfc062723c751e8b465ee728b)  -> (artifact id: '341282001540ab27b45da948194f835c') in 0.006648 seconds 
========================================================================
Received Prepare
Registering precompiled user dll's ...
Registered in 0.007409 seconds.
Begin MonoManager ReloadAssembly
Symbol file LoadedFromMemory doesn't match image C:\Users\MMJon\TEMAS-III\Library\PackageCache\com.unity.visualscripting@1.8.0\Editor\VisualScripting.Core\Dependencies\YamlDotNet\Unity.VisualScripting.YamlDotNet.dll
Symbol file LoadedFromMemory doesn't match image C:\Users\MMJon\TEMAS-III\Library\PackageCache\com.unity.visualscripting@1.8.0\Editor\VisualScripting.Core\Dependencies\DotNetZip\Unity.VisualScripting.IonicZip.dll
Native extension for WindowsStandalone target not found
Native extension for Android target not found
Refreshing native plugins compatible for Editor in 0.97 ms, found 3 plugins.
Preloading 0 native plugins for Editor in 0.00 ms.
Mono: successfully reloaded assembly
- Completed reload, in  1.781 seconds
Domain Reload Profiling:
	ReloadAssembly (1782ms)
		BeginReloadAssembly (256ms)
			ExecutionOrderSort (0ms)
			DisableScriptedObjects (11ms)
			BackupInstance (0ms)
			ReleaseScriptingObjects (0ms)
			CreateAndSetChildDomain (64ms)
		EndReloadAssembly (1334ms)
			LoadAssemblies (174ms)
			RebuildTransferFunctionScriptingTraits (0ms)
			SetupTypeCache (469ms)
			ReleaseScriptCaches (2ms)
			RebuildScriptCaches (66ms)
			SetupLoadedEditorAssemblies (549ms)
				LogAssemblyErrors (0ms)
				InitializePlatformSupportModulesInManaged (40ms)
				SetLoadedEditorAssemblies (1ms)
				RefreshPlugins (1ms)
				BeforeProcessingInitializeOnLoad (113ms)
				ProcessInitializeOnLoadAttributes (345ms)
				ProcessInitializeOnLoadMethodAttributes (35ms)
				AfterProcessingInitializeOnLoad (13ms)
				EditorAssembliesLoaded (0ms)
			ExecutionOrderSort2 (0ms)
			AwakeInstancesAfterBackupRestoration (12ms)
Platform modules already initialized, skipping
Refreshing native plugins compatible for Editor in 2.40 ms, found 3 plugins.
Preloading 0 native plugins for Editor in 0.00 ms.
Unloading 3168 Unused Serialized files (Serialized files now loaded: 0)
Unloading 17 unused Assets / (80.2 KB). Loaded Objects now: 3676.
Memory consumption went from 113.1 MB to 113.0 MB.
Total: 4.512700 ms (FindLiveObjects: 0.339900 ms CreateObjectMapping: 0.119900 ms MarkObjects: 3.885600 ms  DeleteObjects: 0.165400 ms)

AssetImportParameters requested are different than current active one (requested -> active):
  custom:video-decoder-ogg-theora: a1e56fd34408186e4bbccfd4996cb3dc -> 
  custom:container-muxer-webm: aa71ff27fc2769a1b78a27578f13a17b -> 
  custom:container-demuxer-webm: 4f35f7cbe854078d1ac9338744f61a02 -> 
  custom:video-encoder-webm-vp8: eb34c28f22e8b96e1ab97ce403110664 -> 
  custom:audio-encoder-webm-vorbis: bf7c407c2cedff20999df2af8eb42d56 -> 
  custom:framework-win-MediaFoundation: 216162199b28c13a410421893ffa2e32 -> 
  custom:container-demuxer-ogg: 62fdf1f143b41e24485cea50d1cbac27 -> 
  custom:video-decoder-webm-vp8: 9c59270c3fd7afecdb556c50c9e8de78 -> 
  custom:audio-decoder-ogg-vorbis: bf7c407c2cedff20999df2af8eb42d56 -> 
========================================================================
Received Prepare
Refreshing native plugins compatible for Editor in 15.29 ms, found 3 plugins.
Preloading 0 native plugins for Editor in 0.00 ms.
Unloading 17 Unused Serialized files (Serialized files now loaded: 0)
Unloading 17 unused Assets / (77.5 KB). Loaded Objects now: 3676.
Memory consumption went from 50.0 MB to 50.0 MB.
Total: 4.497800 ms (FindLiveObjects: 0.431700 ms CreateObjectMapping: 0.193900 ms MarkObjects: 3.728600 ms  DeleteObjects: 0.141900 ms)

AssetImportParameters requested are different than current active one (requested -> active):
  custom:video-decoder-ogg-theora: a1e56fd34408186e4bbccfd4996cb3dc -> 
  custom:container-muxer-webm: aa71ff27fc2769a1b78a27578f13a17b -> 
  custom:container-demuxer-webm: 4f35f7cbe854078d1ac9338744f61a02 -> 
  custom:video-encoder-webm-vp8: eb34c28f22e8b96e1ab97ce403110664 -> 
  custom:audio-encoder-webm-vorbis: bf7c407c2cedff20999df2af8eb42d56 -> 
  custom:framework-win-MediaFoundation: 216162199b28c13a410421893ffa2e32 -> 
  custom:container-demuxer-ogg: 62fdf1f143b41e24485cea50d1cbac27 -> 
  custom:video-decoder-webm-vp8: 9c59270c3fd7afecdb556c50c9e8de78 -> 
  custom:audio-decoder-ogg-vorbis: bf7c407c2cedff20999df2af8eb42d56 -> 
========================================================================
Received Import Request.
  Time since last request: 334.910153 seconds.
  path: Assets/esfera.unity
  artifactKey: Guid(09d6d79336182de40974c8d453c8d36f) Importer(815301076,1909f56bfc062723c751e8b465ee728b)
Start importing Assets/esfera.unity using Guid(09d6d79336182de40974c8d453c8d36f) Importer(815301076,1909f56bfc062723c751e8b465ee728b)  -> (artifact id: '44eac7a23ee7dafdf5a4288d67b6ae05') in 0.017625 seconds 
========================================================================
Received Prepare
Refreshing native plugins compatible for Editor in 7.05 ms, found 3 plugins.
Preloading 0 native plugins for Editor in 0.00 ms.
Unloading 17 Unused Serialized files (Serialized files now loaded: 0)
Unloading 17 unused Assets / (77.6 KB). Loaded Objects now: 3676.
Memory consumption went from 49.7 MB to 49.6 MB.
Total: 5.066400 ms (FindLiveObjects: 0.361200 ms CreateObjectMapping: 0.133700 ms MarkObjects: 4.390900 ms  DeleteObjects: 0.179000 ms)

AssetImportParameters requested are different than current active one (requested -> active):
  custom:video-decoder-ogg-theora: a1e56fd34408186e4bbccfd4996cb3dc -> 
  custom:container-muxer-webm: aa71ff27fc2769a1b78a27578f13a17b -> 
  custom:container-demuxer-webm: 4f35f7cbe854078d1ac9338744f61a02 -> 
  custom:video-encoder-webm-vp8: eb34c28f22e8b96e1ab97ce403110664 -> 
  custom:audio-encoder-webm-vorbis: bf7c407c2cedff20999df2af8eb42d56 -> 
  custom:framework-win-MediaFoundation: 216162199b28c13a410421893ffa2e32 -> 
  custom:container-demuxer-ogg: 62fdf1f143b41e24485cea50d1cbac27 -> 
  custom:video-decoder-webm-vp8: 9c59270c3fd7afecdb556c50c9e8de78 -> 
  custom:audio-decoder-ogg-vorbis: bf7c407c2cedff20999df2af8eb42d56 -> 
========================================================================
Received Import Request.
  Time since last request: 800.408735 seconds.
  path: Assets/Materials
  artifactKey: Guid(8e5cf849edb5ff64ab1a46d2364f02b3) Importer(815301076,1909f56bfc062723c751e8b465ee728b)
Start importing Assets/Materials using Guid(8e5cf849edb5ff64ab1a46d2364f02b3) Importer(815301076,1909f56bfc062723c751e8b465ee728b)  -> (artifact id: '38ee9e2d85a3bc2e7bf97dc678716691') in 0.018016 seconds 
========================================================================
Received Import Request.
  Time since last request: 0.020932 seconds.
  path: Assets/Materials/DSC07566.mat
  artifactKey: Guid(76bf8a9df272a254c80b91e45b9070f7) Importer(815301076,1909f56bfc062723c751e8b465ee728b)
Start importing Assets/Materials/DSC07566.mat using Guid(76bf8a9df272a254c80b91e45b9070f7) Importer(815301076,1909f56bfc062723c751e8b465ee728b)  -> (artifact id: '83476181932f2d28caa83f4a47ae8829') in 0.268381 seconds 
========================================================================
Received Import Request.
  Time since last request: 25.609381 seconds.
  path: Assets/BOTONES/Materials
  artifactKey: Guid(d27dee837e1453446b14a8c42c0059dd) Importer(815301076,1909f56bfc062723c751e8b465ee728b)
Start importing Assets/BOTONES/Materials using Guid(d27dee837e1453446b14a8c42c0059dd) Importer(815301076,1909f56bfc062723c751e8b465ee728b)  -> (artifact id: '6e7310396f5f92000d70021a91b7d1e5') in 0.006304 seconds 
========================================================================
Received Import Request.
  Time since last request: 0.042264 seconds.
  path: Assets/BOTONES/Materials/carrete.mat
  artifactKey: Guid(ab9e8d57bbba0374daf6a51173db57e1) Importer(815301076,1909f56bfc062723c751e8b465ee728b)
Start importing Assets/BOTONES/Materials/carrete.mat using Guid(ab9e8d57bbba0374daf6a51173db57e1) Importer(815301076,1909f56bfc062723c751e8b465ee728b)  -> (artifact id: '507d38e078f3e4847365df97d899acb2') in 0.045145 seconds 
========================================================================
Received Import Request.
  Time since last request: 0.000034 seconds.
  path: Assets/BOTONES/Materials/play.mat
  artifactKey: Guid(1a539ae6d09e7c54a979b2c4696be34b) Importer(815301076,1909f56bfc062723c751e8b465ee728b)
Start importing Assets/BOTONES/Materials/play.mat using Guid(1a539ae6d09e7c54a979b2c4696be34b) Importer(815301076,1909f56bfc062723c751e8b465ee728b)  -> (artifact id: '3646c2f9091882feb0b18b88bcd03cb4') in 0.093926 seconds 
========================================================================
Received Import Request.
  Time since last request: 0.000050 seconds.
  path: Assets/BOTONES/Materials/reiniciar.mat
  artifactKey: Guid(e32b23a6ae66d4e4caf29d22ea1fc225) Importer(815301076,1909f56bfc062723c751e8b465ee728b)
Start importing Assets/BOTONES/Materials/reiniciar.mat using Guid(e32b23a6ae66d4e4caf29d22ea1fc225) Importer(815301076,1909f56bfc062723c751e8b465ee728b)  -> (artifact id: 'a2ea9877aa8ec380120e8ac26f102905') in 0.060936 seconds 
========================================================================
Received Import Request.
  Time since last request: 0.000037 seconds.
  path: Assets/BOTONES/Materials/menu.mat
  artifactKey: Guid(0328e21e653609a4197fa9c5d1c42f78) Importer(815301076,1909f56bfc062723c751e8b465ee728b)
Start importing Assets/BOTONES/Materials/menu.mat using Guid(0328e21e653609a4197fa9c5d1c42f78) Importer(815301076,1909f56bfc062723c751e8b465ee728b)  -> (artifact id: '7b7917f7440da9a7d2ccbe6f4af13eb3') in 0.057081 seconds 
========================================================================
Received Import Request.
  Time since last request: 0.000045 seconds.
  path: Assets/BOTONES/Materials/Material #25 2.mat
  artifactKey: Guid(0bd596222fd8c5940a9c733062b25d52) Importer(815301076,1909f56bfc062723c751e8b465ee728b)
Start importing Assets/BOTONES/Materials/Material #25 2.mat using Guid(0bd596222fd8c5940a9c733062b25d52) Importer(815301076,1909f56bfc062723c751e8b465ee728b)  -> (artifact id: '6c960bcd170d71e5e63fe9249f0eeda9') in 0.032736 seconds 
========================================================================
Received Import Request.
  Time since last request: 0.000034 seconds.
  path: Assets/BOTONES/Materials/esferica.mat
  artifactKey: Guid(5a460b9ef6d9cce4d89f244002e785ae) Importer(815301076,1909f56bfc062723c751e8b465ee728b)
Start importing Assets/BOTONES/Materials/esferica.mat using Guid(5a460b9ef6d9cce4d89f244002e785ae) Importer(815301076,1909f56bfc062723c751e8b465ee728b)  -> (artifact id: '2508e4e0f25643fd0705191cd097672f') in 0.045490 seconds 
========================================================================
Received Import Request.
  Time since last request: 0.000042 seconds.
  path: Assets/BOTONES/Materials/Material #25 1.mat
  artifactKey: Guid(99dddf18bea991c4885b404a067173d1) Importer(815301076,1909f56bfc062723c751e8b465ee728b)
Start importing Assets/BOTONES/Materials/Material #25 1.mat using Guid(99dddf18bea991c4885b404a067173d1) Importer(815301076,1909f56bfc062723c751e8b465ee728b)  -> (artifact id: 'dc2811d5d7860d5c8833bbf526dd972e') in 0.033578 seconds 
========================================================================
Received Import Request.
  Time since last request: 0.000049 seconds.
  path: Assets/BOTONES/Materials/Material #25.mat
  artifactKey: Guid(52cdc902b8d19424381a1b7bfbeca809) Importer(815301076,1909f56bfc062723c751e8b465ee728b)
Start importing Assets/BOTONES/Materials/Material #25.mat using Guid(52cdc902b8d19424381a1b7bfbeca809) Importer(815301076,1909f56bfc062723c751e8b465ee728b)  -> (artifact id: 'adeaae14d4cdc9d6a513c7800c9e0ffe') in 0.030021 seconds 
========================================================================
Received Import Request.
  Time since last request: 0.000031 seconds.
  path: Assets/BOTONES/Materials/panoramica.mat
  artifactKey: Guid(8957f4d4d77f818459b9d8785d7428c1) Importer(815301076,1909f56bfc062723c751e8b465ee728b)
Start importing Assets/BOTONES/Materials/panoramica.mat using Guid(8957f4d4d77f818459b9d8785d7428c1) Importer(815301076,1909f56bfc062723c751e8b465ee728b)  -> (artifact id: '45e84a3d9bf28b3ceb116de6ef8b10ef') in 0.043474 seconds 
========================================================================
Received Import Request.
  Time since last request: 0.000036 seconds.
  path: Assets/BOTONES/Materials/pausa.mat
  artifactKey: Guid(021349fa23c543141af7883fa5b50b1f) Importer(815301076,1909f56bfc062723c751e8b465ee728b)
Start importing Assets/BOTONES/Materials/pausa.mat using Guid(021349fa23c543141af7883fa5b50b1f) Importer(815301076,1909f56bfc062723c751e8b465ee728b)  -> (artifact id: '4d39fb725544566608e9075cd86a8813') in 0.081739 seconds 
========================================================================
Received Import Request.
  Time since last request: 19.641980 seconds.
  path: Assets/sphere.fbx
  artifactKey: Guid(7def15293a952ab4893a4e22eba720ee) Importer(815301076,1909f56bfc062723c751e8b465ee728b)
Start importing Assets/sphere.fbx using Guid(7def15293a952ab4893a4e22eba720ee) Importer(815301076,1909f56bfc062723c751e8b465ee728b)  -> (artifact id: 'eb826f95d0aab4050af9f1c9bc662e08') in 0.173064 seconds 
========================================================================
Received Import Request.
  Time since last request: 0.000118 seconds.
  path: Assets/pexels-the-lazy-artist-gallery-2217658.jpg
  artifactKey: Guid(e2eb6149630b2814189bc66aae10ac68) Importer(815301076,1909f56bfc062723c751e8b465ee728b)
Start importing Assets/pexels-the-lazy-artist-gallery-2217658.jpg using Guid(e2eb6149630b2814189bc66aae10ac68) Importer(815301076,1909f56bfc062723c751e8b465ee728b)  -> (artifact id: 'd29afc3bc43688c42b8a0b9647a36709') in 0.080178 seconds 
========================================================================
Received Prepare
Refreshing native plugins compatible for Editor in 8.90 ms, found 3 plugins.
Preloading 0 native plugins for Editor in 0.00 ms.
Unloading 17 Unused Serialized files (Serialized files now loaded: 0)
Unloading 17 unused Assets / (77.4 KB). Loaded Objects now: 3723.
Memory consumption went from 54.8 MB to 54.8 MB.
Total: 5.300900 ms (FindLiveObjects: 0.393100 ms CreateObjectMapping: 0.144900 ms MarkObjects: 4.591600 ms  DeleteObjects: 0.169600 ms)

AssetImportParameters requested are different than current active one (requested -> active):
  custom:video-decoder-ogg-theora: a1e56fd34408186e4bbccfd4996cb3dc -> 
  custom:container-muxer-webm: aa71ff27fc2769a1b78a27578f13a17b -> 
  custom:container-demuxer-webm: 4f35f7cbe854078d1ac9338744f61a02 -> 
  custom:video-encoder-webm-vp8: eb34c28f22e8b96e1ab97ce403110664 -> 
  custom:audio-encoder-webm-vorbis: bf7c407c2cedff20999df2af8eb42d56 -> 
  custom:framework-win-MediaFoundation: 216162199b28c13a410421893ffa2e32 -> 
  custom:container-demuxer-ogg: 62fdf1f143b41e24485cea50d1cbac27 -> 
  custom:video-decoder-webm-vp8: 9c59270c3fd7afecdb556c50c9e8de78 -> 
  custom:audio-decoder-ogg-vorbis: bf7c407c2cedff20999df2af8eb42d56 -> 
========================================================================
Received Import Request.
  Time since last request: 412.896116 seconds.
  path: Assets/TextMesh Pro
  artifactKey: Guid(f54d1bd14bd3ca042bd867b519fee8cc) Importer(815301076,1909f56bfc062723c751e8b465ee728b)
Start importing Assets/TextMesh Pro using Guid(f54d1bd14bd3ca042bd867b519fee8cc) Importer(815301076,1909f56bfc062723c751e8b465ee728b)  -> (artifact id: 'f5648c5ef36b7beab651a001a8d08867') in 0.013173 seconds 
========================================================================
Received Import Request.
  Time since last request: 107.705761 seconds.
  path: Assets/P3/sphere.fbx
  artifactKey: Guid(c6518df16c413de4abd8f9d926e9ea2a) Importer(815301076,1909f56bfc062723c751e8b465ee728b)
Start importing Assets/P3/sphere.fbx using Guid(c6518df16c413de4abd8f9d926e9ea2a) Importer(815301076,1909f56bfc062723c751e8b465ee728b)  -> (artifact id: 'f82ccf4edc819af1c2b9f0502d52488a') in 0.045724 seconds 
========================================================================
Received Import Request.
  Time since last request: 0.000043 seconds.
  path: Assets/P3/pexels-the-lazy-artist-gallery-2217658.jpg
  artifactKey: Guid(1e41db1fdc6db75478c03fbca4aefb42) Importer(815301076,1909f56bfc062723c751e8b465ee728b)
Start importing Assets/P3/pexels-the-lazy-artist-gallery-2217658.jpg using Guid(1e41db1fdc6db75478c03fbca4aefb42) Importer(815301076,1909f56bfc062723c751e8b465ee728b)  -> (artifact id: '8cc9f146cbfd92f5fb5be72ee6425631') in 0.052539 seconds 
========================================================================
Received Import Request.
  Time since last request: 94.459989 seconds.
  path: Assets/P3/pexels-the-lazy-artist-gallery-2217658.jpg
  artifactKey: Guid(1e41db1fdc6db75478c03fbca4aefb42) Importer(815301076,1909f56bfc062723c751e8b465ee728b)
Start importing Assets/P3/pexels-the-lazy-artist-gallery-2217658.jpg using Guid(1e41db1fdc6db75478c03fbca4aefb42) Importer(815301076,1909f56bfc062723c751e8b465ee728b)  -> (artifact id: '497f6b632130dee0498bfc3e663fe159') in 0.077168 seconds 
========================================================================
Received Import Request.
  Time since last request: 40.280031 seconds.
  path: Assets/sphere.fbx
  artifactKey: Guid(7def15293a952ab4893a4e22eba720ee) Importer(815301076,1909f56bfc062723c751e8b465ee728b)
Start importing Assets/sphere.fbx using Guid(7def15293a952ab4893a4e22eba720ee) Importer(815301076,1909f56bfc062723c751e8b465ee728b)  -> (artifact id: '639c1201b939cafc9131ec5244174674') in 0.048959 seconds 
========================================================================
Received Import Request.
  Time since last request: 10.067494 seconds.
  path: Assets/pexels-the-lazy-artist-gallery-2217658.jpg
  artifactKey: Guid(8bf0032a4decc61478e3b51defa45274) Importer(815301076,1909f56bfc062723c751e8b465ee728b)
Start importing Assets/pexels-the-lazy-artist-gallery-2217658.jpg using Guid(8bf0032a4decc61478e3b51defa45274) Importer(815301076,1909f56bfc062723c751e8b465ee728b)  -> (artifact id: 'd92fb0c3c625f46e863aa79dbdb443ec') in 0.049743 seconds 
========================================================================
Received Import Request.
  Time since last request: 30.256655 seconds.
  path: Assets/sphere.fbx
  artifactKey: Guid(7def15293a952ab4893a4e22eba720ee) Importer(815301076,1909f56bfc062723c751e8b465ee728b)
Start importing Assets/sphere.fbx using Guid(7def15293a952ab4893a4e22eba720ee) Importer(815301076,1909f56bfc062723c751e8b465ee728b)  -> (artifact id: 'e6cfe60a256ccbe25d86f7710cb9085f') in 0.051724 seconds 
========================================================================
Received Import Request.
  Time since last request: 0.000029 seconds.
  path: Assets/sphere.mat
  artifactKey: Guid(e6451622d47bcda4fa928fe036e00e1d) Importer(815301076,1909f56bfc062723c751e8b465ee728b)
Start importing Assets/sphere.mat using Guid(e6451622d47bcda4fa928fe036e00e1d) Importer(815301076,1909f56bfc062723c751e8b465ee728b)  -> (artifact id: 'd807450f7d001b8f7fb0f4b05ad78fa8') in 0.024566 seconds 
========================================================================
Received Import Request.
  Time since last request: 8.324787 seconds.
  path: Assets/sphere.fbx
  artifactKey: Guid(7def15293a952ab4893a4e22eba720ee) Importer(815301076,1909f56bfc062723c751e8b465ee728b)
Start importing Assets/sphere.fbx using Guid(7def15293a952ab4893a4e22eba720ee) Importer(815301076,1909f56bfc062723c751e8b465ee728b)  -> (artifact id: 'ff05cad8d770e5616a0e27f396c62733') in 0.040452 seconds 
========================================================================
Received Import Request.
  Time since last request: 0.000037 seconds.
  path: Assets/pexels-the-lazy-artist-gallery-2217658 1.jpg
  artifactKey: Guid(35cd33e14e47dbe4794e505f37fa2bdd) Importer(815301076,1909f56bfc062723c751e8b465ee728b)
Start importing Assets/pexels-the-lazy-artist-gallery-2217658 1.jpg using Guid(35cd33e14e47dbe4794e505f37fa2bdd) Importer(815301076,1909f56bfc062723c751e8b465ee728b)  -> (artifact id: 'fd8163f91c869104469b1544f45a53dc') in 0.056408 seconds 
========================================================================
Received Import Request.
  Time since last request: 224.719259 seconds.
  path: Assets/Materials/pexels-the-lazy-artist-gallery-2217658 1.mat
  artifactKey: Guid(e2217c03a1ceafd4ba9c5b2dff6c9c4d) Importer(815301076,1909f56bfc062723c751e8b465ee728b)
Start importing Assets/Materials/pexels-the-lazy-artist-gallery-2217658 1.mat using Guid(e2217c03a1ceafd4ba9c5b2dff6c9c4d) Importer(815301076,1909f56bfc062723c751e8b465ee728b)  -> (artifact id: '3cb61c650d26059094113d24f923a991') in 0.030990 seconds 
========================================================================
Received Import Request.
  Time since last request: 0.000045 seconds.
  path: Assets/Materials/pexels-the-lazy-artist-gallery-2217658.mat
  artifactKey: Guid(5a3b4438f2bafbe4fb34817d35f074c2) Importer(815301076,1909f56bfc062723c751e8b465ee728b)
Start importing Assets/Materials/pexels-the-lazy-artist-gallery-2217658.mat using Guid(5a3b4438f2bafbe4fb34817d35f074c2) Importer(815301076,1909f56bfc062723c751e8b465ee728b)  -> (artifact id: '060225a8c3839475a2c5c30245b8bbc8') in 0.030017 seconds 
========================================================================
Received Prepare
Refreshing native plugins compatible for Editor in 14.79 ms, found 3 plugins.
Preloading 0 native plugins for Editor in 0.00 ms.
Unloading 17 Unused Serialized files (Serialized files now loaded: 0)
Unloading 17 unused Assets / (77.5 KB). Loaded Objects now: 3723.
Memory consumption went from 54.8 MB to 54.7 MB.
Total: 6.168600 ms (FindLiveObjects: 0.366300 ms CreateObjectMapping: 0.123900 ms MarkObjects: 5.540700 ms  DeleteObjects: 0.136600 ms)

AssetImportParameters requested are different than current active one (requested -> active):
  custom:video-decoder-ogg-theora: a1e56fd34408186e4bbccfd4996cb3dc -> 
  custom:container-muxer-webm: aa71ff27fc2769a1b78a27578f13a17b -> 
  custom:container-demuxer-webm: 4f35f7cbe854078d1ac9338744f61a02 -> 
  custom:video-encoder-webm-vp8: eb34c28f22e8b96e1ab97ce403110664 -> 
  custom:audio-encoder-webm-vorbis: bf7c407c2cedff20999df2af8eb42d56 -> 
  custom:framework-win-MediaFoundation: 216162199b28c13a410421893ffa2e32 -> 
  custom:container-demuxer-ogg: 62fdf1f143b41e24485cea50d1cbac27 -> 
  custom:video-decoder-webm-vp8: 9c59270c3fd7afecdb556c50c9e8de78 -> 
  custom:audio-decoder-ogg-vorbis: bf7c407c2cedff20999df2af8eb42d56 -> 
========================================================================
Received Import Request.
  Time since last request: 267.602641 seconds.
  path: Assets/P3/sphere.fbx
  artifactKey: Guid(c6518df16c413de4abd8f9d926e9ea2a) Importer(815301076,1909f56bfc062723c751e8b465ee728b)
Start importing Assets/P3/sphere.fbx using Guid(c6518df16c413de4abd8f9d926e9ea2a) Importer(815301076,1909f56bfc062723c751e8b465ee728b)  -> (artifact id: 'cf09f806942329aeb9c28da21c76c545') in 0.045075 seconds 
========================================================================
Received Import Request.
  Time since last request: 0.000073 seconds.
  path: Assets/P3/pexels-the-lazy-artist-gallery-2217658.jpg
  artifactKey: Guid(45572911ada287d4590fe75c11385b53) Importer(815301076,1909f56bfc062723c751e8b465ee728b)
Start importing Assets/P3/pexels-the-lazy-artist-gallery-2217658.jpg using Guid(45572911ada287d4590fe75c11385b53) Importer(815301076,1909f56bfc062723c751e8b465ee728b)  -> (artifact id: '452af8854f0e44d9345d5e644b44e51c') in 0.054762 seconds 
========================================================================
Received Import Request.
  Time since last request: 13.088102 seconds.
  path: Assets/P3/sphere.fbx
  artifactKey: Guid(c6518df16c413de4abd8f9d926e9ea2a) Importer(815301076,1909f56bfc062723c751e8b465ee728b)
Start importing Assets/P3/sphere.fbx using Guid(c6518df16c413de4abd8f9d926e9ea2a) Importer(815301076,1909f56bfc062723c751e8b465ee728b)  -> (artifact id: '2bb53786b1c16fec8468e726664d0eb6') in 0.035895 seconds 
========================================================================
Received Import Request.
  Time since last request: 351.535237 seconds.
  path: Assets/P3/cc355e12751846e799adb572d321013f.jpg
  artifactKey: Guid(57b88c59f12bff742ae4572cef1e0e8c) Importer(815301076,1909f56bfc062723c751e8b465ee728b)
Start importing Assets/P3/cc355e12751846e799adb572d321013f.jpg using Guid(57b88c59f12bff742ae4572cef1e0e8c) Importer(815301076,1909f56bfc062723c751e8b465ee728b)  -> (artifact id: 'd22f6c35e50e1c299d36d9197c4b3776') in 0.076604 seconds 
========================================================================
Received Prepare
Refreshing native plugins compatible for Editor in 11.83 ms, found 3 plugins.
Preloading 0 native plugins for Editor in 0.00 ms.
Unloading 17 Unused Serialized files (Serialized files now loaded: 0)
Unloading 17 unused Assets / (77.4 KB). Loaded Objects now: 3723.
Memory consumption went from 54.8 MB to 54.7 MB.
Total: 6.248900 ms (FindLiveObjects: 0.376700 ms CreateObjectMapping: 0.132700 ms MarkObjects: 5.560300 ms  DeleteObjects: 0.177600 ms)

AssetImportParameters requested are different than current active one (requested -> active):
  custom:video-decoder-ogg-theora: a1e56fd34408186e4bbccfd4996cb3dc -> 
  custom:container-muxer-webm: aa71ff27fc2769a1b78a27578f13a17b -> 
  custom:container-demuxer-webm: 4f35f7cbe854078d1ac9338744f61a02 -> 
  custom:video-encoder-webm-vp8: eb34c28f22e8b96e1ab97ce403110664 -> 
  custom:audio-encoder-webm-vorbis: bf7c407c2cedff20999df2af8eb42d56 -> 
  custom:framework-win-MediaFoundation: 216162199b28c13a410421893ffa2e32 -> 
  custom:container-demuxer-ogg: 62fdf1f143b41e24485cea50d1cbac27 -> 
  custom:video-decoder-webm-vp8: 9c59270c3fd7afecdb556c50c9e8de78 -> 
  custom:audio-decoder-ogg-vorbis: bf7c407c2cedff20999df2af8eb42d56 -> 
